Error JUFQrJNi @613467555805397005/613467555805397011 called by 179757579759648769: int() argument must be a string, a bytes-like object or a number, not 'NoneType' caused by MafiaGameError
Action lwPZaPfc @613467555805397005/613467555805397011 called by 179757579759648769: U-179757579759648769 started a game in G-613467555805397005
Action ctDDNaHe @613467555805397005/613467555805397011 called by 179757579759648769: U-179757579759648769 started a game in G-613467555805397005
Action JqnMRveX @613467555805397005/613467555805397011 called by 179757579759648769: U-179757579759648769 started a game in G-613467555805397005
Action mUTUCtBH @613467555805397005/613467555805397011 called by 179757579759648769: FixPermissions in G-613467555805397005: rashad1 has been given mafia perms
Action CtCYOcwS @613467555805397005/613467555805397011 called by 179757579759648769: FixPermissions in G-613467555805397005: rashad1 has been given alive perms
Action KtFEcxjA @613467555805397005/613467555805397011 called by 179757579759648769: FixPermissions in G-613467555805397005: Buggz has lost mafia perms
Action LaJZYKcn @613467555805397005/613467555805397011 called by 179757579759648769: FixPermissions in G-613467555805397005: Buggz has been given alive perms
Action vhzweJAs @613467555805397005/613467555805397011 called by 179757579759648769: FixPermissions in G-613467555805397005: Israel819371639481 has lost mafia perms
Action UQvtQIdS @613467555805397005/613467555805397011 called by 179757579759648769: FixPermissions in G-613467555805397005: Israel819371639481 has been given alive perms
Action IedsWMUq @613467555805397005/613467555805397011 called by 179757579759648769: FixPermissions in G-613467555805397005: Nabbit66 has lost mafia perms
Action qtpEPQCg @613467555805397005/613467555805397011 called by 179757579759648769: FixPermissions in G-613467555805397005: Nabbit66 has been given alive perms
Action RpVnQdoq @613467555805397005/613467555805397011 called by 179757579759648769: Permissions fixed in G-613467555805397005, enableAll=True
Action tZwqZaip @613467555805397005/613467555805397011 called by 179757579759648769: Game initialized in G-613467555805397005
Error IWVAqYoi @613467555805397005/613467555805397011 called by 179757579759648769: int() argument must be a string, a bytes-like object or a number, not 'NoneType' caused by MafiaGameError
Action dCvjYaPR @613467555805397005/613467555805397011 called by 179757579759648769: U-179757579759648769 started a game in G-613467555805397005
Action mmvFZizL @613467555805397005/613467555805397011 called by 179757579759648769: FixPermissions in G-613467555805397005: rashad1 has been given mafia perms
Action rnnwByXt @613467555805397005/613467555805397011 called by 179757579759648769: FixPermissions in G-613467555805397005: rashad1 has been given alive perms
Action RaOgnawQ @613467555805397005/613467555805397011 called by 179757579759648769: FixPermissions in G-613467555805397005: Nabbit66 has lost mafia perms
Action kDbUlykY @613467555805397005/613467555805397011 called by 179757579759648769: FixPermissions in G-613467555805397005: Nabbit66 has been given alive perms
Action brvTPsnT @613467555805397005/613467555805397011 called by 179757579759648769: FixPermissions in G-613467555805397005: Israel819371639481 has lost mafia perms
Action cNBTsAgp @613467555805397005/613467555805397011 called by 179757579759648769: FixPermissions in G-613467555805397005: Israel819371639481 has been given alive perms
Action pWillvDX @613467555805397005/613467555805397011 called by 179757579759648769: FixPermissions in G-613467555805397005: Buggz has lost mafia perms
Action fRrPsBwo @613467555805397005/613467555805397011 called by 179757579759648769: FixPermissions in G-613467555805397005: Buggz has been given alive perms
Action tFbSERwV @613467555805397005/613467555805397011 called by 179757579759648769: Permissions fixed in G-613467555805397005, enableAll=True
Action mhjQxIZg @613467555805397005/613467555805397011 called by 179757579759648769: Game initialized in G-613467555805397005
Action GTklVFLN @613467555805397005/613467555805397011 called by 179757579759648769: Starting execNight in G-613467555805397005
Action BbqTQguS @613467555805397005/613467555805397011 called by 179757579759648769: NightEmbed sent in G-613467555805397005
Action hUuAvrDb @613467555805397005/613467555805397011 called by 179757579759648769: U-179757579759648769 started a game in G-613467555805397005
Action JIDhSDqi @613467555805397005/613467555805397011 called by 179757579759648769: FixPermissions in G-613467555805397005: Nabbit66 has been given mafia perms
Action VOVLceJD @613467555805397005/613467555805397011 called by 179757579759648769: FixPermissions in G-613467555805397005: Nabbit66 has been given alive perms
Action ZixOABEv @613467555805397005/613467555805397011 called by 179757579759648769: FixPermissions in G-613467555805397005: Israel819371639481 has lost mafia perms
Action RjOgLCbD @613467555805397005/613467555805397011 called by 179757579759648769: FixPermissions in G-613467555805397005: Israel819371639481 has been given alive perms
Action PXmWRPmC @613467555805397005/613467555805397011 called by 179757579759648769: FixPermissions in G-613467555805397005: Buggz has lost mafia perms
Action NjpECXlU @613467555805397005/613467555805397011 called by 179757579759648769: FixPermissions in G-613467555805397005: Buggz has been given alive perms
Action ZBjEQJlI @613467555805397005/613467555805397011 called by 179757579759648769: FixPermissions in G-613467555805397005: rashad1 has lost mafia perms
Action mDUmquGq @613467555805397005/613467555805397011 called by 179757579759648769: FixPermissions in G-613467555805397005: rashad1 has been given alive perms
Action XfaFHvLh @613467555805397005/613467555805397011 called by 179757579759648769: Permissions fixed in G-613467555805397005, enableAll=True
Action EuZUBKLT @613467555805397005/613467555805397011 called by 179757579759648769: Game initialized in G-613467555805397005
Action WtYumKBB @613467555805397005/613467555805397011 called by 179757579759648769: Starting execNight in G-613467555805397005
Action grcJEPYs @613467555805397005/613467555805397011 called by 179757579759648769: NightEmbed sent in G-613467555805397005
Action aUYCdlIO @???/??? called by ???: Fixed guild file for G-613467555805397005
Action BAMKAHWm @???/??? called by ???: Fixed guild file for G-802593486426865695
Action ACbDchlC @???/??? called by ???: Logged on as Mafia Boss#9851 at 2021-02-25 22:08:41.864737
Action kUtiEgsR @???/??? called by ???: Fixed guild file for G-613467555805397005
Action jJHVmFaA @???/??? called by ???: Fixed guild file for G-802593486426865695
Action sebrnEPV @???/??? called by ???: Logged on as Mafia Boss#9851 at 2021-02-25 22:09:39.746937
Action PQUejvmV @613467555805397005/None called by admin: Fixed guild file for G-613467555805397005
Action mwXMjPcO @802593486426865695/None called by admin: Fixed guild file for G-802593486426865695
Action NiGFGQOj @???/??? called by ???: Logged on as Mafia Boss#9851 at 2021-02-25 22:13:44.412490
Action GAZVpgzu @613467555805397005/None called by admin: Fixed guild file for G-613467555805397005
Action nNUOiXIR @802593486426865695/None called by admin: Fixed guild file for G-802593486426865695
Action rtukjZWd @613467555805397005/None called by admin: Fixed guild file for G-613467555805397005
Action yUnIRofE @802593486426865695/None called by admin: Fixed guild file for G-802593486426865695
Action fOjvfXbJ @None/None called by admin: Logged on as Mafia Boss#9851 at 2021-02-25 22:16:32.851437